
SQL*Loader: Release 21.0.0.0.0 - Production on Mon Aug 28 14:31:08 2023
Version 21.3.0.0.0

Copyright (c) 1982, 2021, Oracle and/or its affiliates.  All rights reserved.

Control File:   E:\Assessment\SRC\data_loader_cpi.ctl
Data File:      SRC/Corruption Perception Index Data Set.csv
  Bad File:     E:\Assessment\SRC\Corruption Perception Index Data Set.bad
  Discard File:  none specified
 
 (Allow all discards)

Number to load: ALL
Number to skip: 3
Errors allowed: 50
Bind array:     250 rows, maximum of 1048576 bytes
Continuation:    none specified
Path used:      Conventional

Table MAIN_CPI_DATA, loaded from every logical record.
Insert option in effect for this table: APPEND
TRAILING NULLCOLS option in effect

   Column Name                  Position   Len  Term Encl Datatype
------------------------------ ---------- ----- ---- ---- ---------------------
"COUNTRY"                           FIRST     *   ,  O(") CHARACTER            
"ISO3"                               NEXT     *   ,  O(") CHARACTER            
"REGION"                             NEXT     *   ,  O(") CHARACTER            
"CPI_SCORE_2020"                     NEXT     *   ,  O(") CHARACTER            
"RANK_2020"                          NEXT     *   ,  O(") CHARACTER            
"SOURCES_2020"                       NEXT     *   ,  O(") CHARACTER            
"STD_ERR_2020"                       NEXT     *   ,  O(") CHARACTER            
"CPI_SCORE_2019"                     NEXT     *   ,  O(") CHARACTER            
"RANK_2019"                          NEXT     *   ,  O(") CHARACTER            
"SOURCES_2019"                       NEXT     *   ,  O(") CHARACTER            
"STD_ERR_2019"                       NEXT     *   ,  O(") CHARACTER            
"CPI_SCORE_2018"                     NEXT     *   ,  O(") CHARACTER            
"RANK_2018"                          NEXT     *   ,  O(") CHARACTER            
"SOURCES_2018"                       NEXT     *   ,  O(") CHARACTER            
"STD_ERR_2018"                       NEXT     *   ,  O(") CHARACTER            
"CPI_SCORE_2017"                     NEXT     *   ,  O(") CHARACTER            
"RANK_2017"                          NEXT     *   ,  O(") CHARACTER            
"SOURCES_2017"                       NEXT     *   ,  O(") CHARACTER            
"STD_ERR_2017"                       NEXT     *   ,  O(") CHARACTER            
"CPI_SCORE_2016"                     NEXT     *   ,  O(") CHARACTER            
"SOURCES_2016"                       NEXT     *   ,  O(") CHARACTER            
"STD_ERR_2016"                       NEXT     *   ,  O(") CHARACTER            
"CPI_SCORE_2015"                     NEXT     *   ,  O(") CHARACTER            
"SOURCES_2015"                       NEXT     *   ,  O(") CHARACTER            
"STD_ERR_2015"                       NEXT     *   ,  O(") CHARACTER            
"CPI_SCORE_2014"                     NEXT     *   ,  O(") CHARACTER            
"SOURCES_2014"                       NEXT     *   ,  O(") CHARACTER            
"STD_ERR_2014"                       NEXT     *   ,  O(") CHARACTER            
"CPI_SCORE_2013"                     NEXT     *   ,  O(") CHARACTER            
"SOURCES_2013"                       NEXT     *   ,  O(") CHARACTER            
"STD_ERR_2013"                       NEXT     *   ,  O(") CHARACTER            
"CPI_SCORE_2012"                     NEXT     *   ,  O(") CHARACTER            
"SOURCES_2012"                       NEXT     *   ,  O(") CHARACTER            
"STD_ERR_2012"                       NEXT     *   ,  O(") CHARACTER            

value used for ROWS parameter changed from 250 to 119

Table MAIN_CPI_DATA:
  180 Rows successfully loaded.
  0 Rows not loaded due to data errors.
  0 Rows not loaded because all WHEN clauses were failed.
  0 Rows not loaded because all fields were null.


Space allocated for bind array:                1043868 bytes(119 rows)
Read   buffer bytes: 1048576

Total logical records skipped:          3
Total logical records read:           180
Total logical records rejected:         0
Total logical records discarded:        0

Run began on Mon Aug 28 14:31:08 2023
Run ended on Mon Aug 28 14:31:08 2023

Elapsed time was:     00:00:00.12
CPU time was:         00:00:00.01
